<?xml version="1.0" encoding="UTF-8"?>
<testsuite name="algorithms.ProgressionTests" tests="1" skipped="0" failures="0" errors="0" timestamp="2020-03-30T14:28:05" hostname="limelier-lenovo" time="0.005">
  <properties/>
  <testcase name="test1" classname="algorithms.ProgressionTests" time="0.005"/>
  <system-out><![CDATA[]]></system-out>
  <system-err><![CDATA[]]></system-err>
</testsuite>
